2021-05-21 17:01:15,484 INFO org.springframework.boot.StartupInfoLogger [main] Starting SareetaApplication on DESKTOP-IBTTL3C with PID 18736 (C:\Users\kanak\Downloads\nd035-c4-Security-and-DevOps-master\nd035-c4-Security-and-DevOps-master\starter_code\target\classes started by kanak in C:\Users\kanak\Downloads\nd035-c4-Security-and-DevOps-master\nd035-c4-Security-and-DevOps-master\starter_code)
2021-05-21 17:01:15,486 INFO org.springframework.boot.SpringApplication [main] No active profile set, falling back to default profiles: default
2021-05-21 17:01:15,911 INFO org.springframework.data.repository.config.RepositoryConfigurationDelegate [main] Bootstrapping Spring Data JPA repositories in DEFAULT mode.
2021-05-21 17:01:15,969 INFO org.springframework.data.repository.config.RepositoryConfigurationDelegate [main] Finished Spring Data repository scanning in 38ms. Found 4 JPA repository interfaces.
2021-05-21 17:01:16,492 INFO org.springframework.boot.web.embedded.tomcat.TomcatWebServer [main] Tomcat initialized with port(s): 8080 (http)
2021-05-21 17:01:16,502 INFO org.apache.juli.logging.DirectJDKLog [main] Initializing ProtocolHandler ["http-nio-8080"]
2021-05-21 17:01:16,503 INFO org.apache.juli.logging.DirectJDKLog [main] Starting service [Tomcat]
2021-05-21 17:01:16,503 INFO org.apache.juli.logging.DirectJDKLog [main] Starting Servlet engine: [Apache Tomcat/9.0.37]
2021-05-21 17:01:16,632 INFO org.apache.juli.logging.DirectJDKLog [main] Initializing Spring embedded WebApplicationContext
2021-05-21 17:01:16,633 INFO org.springframework.boot.web.servlet.context.ServletWebServerApplicationContext [main] Root WebApplicationContext: initialization completed in 1083 ms
2021-05-21 17:01:16,790 INFO org.hibernate.jpa.internal.util.LogHelper [main] HHH000204: Processing PersistenceUnitInfo [name: default]
2021-05-21 17:01:16,822 INFO org.hibernate.Version [main] HHH000412: Hibernate ORM core version 5.4.18.Final
2021-05-21 17:01:16,902 INFO org.hibernate.annotations.common.reflection.java.JavaReflectionManager [main] HCANN000001: Hibernate Commons Annotations {5.1.0.Final}
2021-05-21 17:01:16,981 INFO com.zaxxer.hikari.HikariDataSource [main] HikariPool-1 - Starting...
2021-05-21 17:01:17,124 INFO com.zaxxer.hikari.HikariDataSource [main] HikariPool-1 - Start completed.
2021-05-21 17:01:17,135 INFO org.hibernate.dialect.Dialect [main] HHH000400: Using dialect: org.hibernate.dialect.H2Dialect
2021-05-21 17:01:17,646 INFO org.hibernate.engine.transaction.jta.platform.internal.JtaPlatformInitiator [main] HHH000490: Using JtaPlatform implementation: [org.hibernate.engine.transaction.jta.platform.internal.NoJtaPlatform]
2021-05-21 17:01:17,665 INFO org.springframework.orm.jpa.AbstractEntityManagerFactoryBean [main] Initialized JPA EntityManagerFactory for persistence unit 'default'
2021-05-21 17:01:18,048 WARN org.springframework.boot.autoconfigure.orm.jpa.JpaBaseConfiguration$JpaWebConfiguration [main] spring.jpa.open-in-view is enabled by default. Therefore, database queries may be performed during view rendering. Explicitly configure spring.jpa.open-in-view to disable this warning
2021-05-21 17:01:18,634 INFO org.springframework.security.web.DefaultSecurityFilterChain [main] Creating filter chain: any request, [org.springframework.security.web.context.request.async.WebAsyncManagerIntegrationFilter@79ee779c, org.springframework.security.web.context.SecurityContextPersistenceFilter@215a329c, org.springframework.security.web.header.HeaderWriterFilter@547052, org.springframework.web.filter.CorsFilter@126a9a77, org.springframework.security.web.authentication.logout.LogoutFilter@7bdb4d69, com.example.demo.security.JWTAuthenticationFilter@27a6384b, com.example.demo.security.JWTAuthenticationVerficationFilter@29ee8174, org.springframework.security.web.savedrequest.RequestCacheAwareFilter@21c5c68a, org.springframework.security.web.servletapi.SecurityContextHolderAwareRequestFilter@1ed12d10, org.springframework.security.web.authentication.AnonymousAuthenticationFilter@23365142, org.springframework.security.web.session.SessionManagementFilter@23c00420, org.springframework.security.web.access.ExceptionTranslationFilter@7b5c9412, org.springframework.security.web.access.intercept.FilterSecurityInterceptor@12f3fcd]
2021-05-21 17:01:18,686 INFO org.springframework.scheduling.concurrent.ExecutorConfigurationSupport [main] Initializing ExecutorService 'applicationTaskExecutor'
2021-05-21 17:01:18,846 INFO org.apache.juli.logging.DirectJDKLog [main] Starting ProtocolHandler ["http-nio-8080"]
2021-05-21 17:01:18,901 INFO org.springframework.boot.web.embedded.tomcat.TomcatWebServer [main] Tomcat started on port(s): 8080 (http) with context path ''
2021-05-21 17:01:18,908 INFO org.springframework.boot.StartupInfoLogger [main] Started SareetaApplication in 3.972 seconds (JVM running for 4.743)
2021-05-21 17:10:06,373 INFO org.springframework.boot.StartupInfoLogger [main] Starting SareetaApplication on DESKTOP-IBTTL3C with PID 20856 (C:\Users\kanak\Downloads\nd035-c4-Security-and-DevOps-master\nd035-c4-Security-and-DevOps-master\starter_code\target\classes started by kanak in C:\Users\kanak\Downloads\nd035-c4-Security-and-DevOps-master\nd035-c4-Security-and-DevOps-master\starter_code)
2021-05-21 17:10:06,377 INFO org.springframework.boot.SpringApplication [main] No active profile set, falling back to default profiles: default
2021-05-21 17:10:21,727 INFO org.springframework.data.repository.config.RepositoryConfigurationDelegate [main] Bootstrapping Spring Data JPA repositories in DEFAULT mode.
2021-05-21 17:10:25,558 INFO org.springframework.data.repository.config.RepositoryConfigurationDelegate [main] Finished Spring Data repository scanning in 2232ms. Found 4 JPA repository interfaces.
2021-05-21 17:10:31,328 INFO org.springframework.boot.web.embedded.tomcat.TomcatWebServer [main] Tomcat initialized with port(s): 8080 (http)
2021-05-21 17:10:31,342 INFO org.apache.juli.logging.DirectJDKLog [main] Initializing ProtocolHandler ["http-nio-8080"]
2021-05-21 17:10:31,343 INFO org.apache.juli.logging.DirectJDKLog [main] Starting service [Tomcat]
2021-05-21 17:10:31,343 INFO org.apache.juli.logging.DirectJDKLog [main] Starting Servlet engine: [Apache Tomcat/9.0.37]
2021-05-21 17:10:31,707 INFO org.apache.juli.logging.DirectJDKLog [main] Initializing Spring embedded WebApplicationContext
2021-05-21 17:10:31,707 INFO org.springframework.boot.web.servlet.context.ServletWebServerApplicationContext [main] Root WebApplicationContext: initialization completed in 24259 ms
2021-05-21 17:10:32,560 INFO org.hibernate.jpa.internal.util.LogHelper [main] HHH000204: Processing PersistenceUnitInfo [name: default]
2021-05-21 17:10:33,173 INFO org.hibernate.Version [main] HHH000412: Hibernate ORM core version 5.4.18.Final
2021-05-21 17:10:34,965 INFO org.hibernate.annotations.common.reflection.java.JavaReflectionManager [main] HCANN000001: Hibernate Commons Annotations {5.1.0.Final}
2021-05-21 17:10:35,130 INFO com.zaxxer.hikari.HikariDataSource [main] HikariPool-1 - Starting...
2021-05-21 17:10:35,348 INFO com.zaxxer.hikari.HikariDataSource [main] HikariPool-1 - Start completed.
2021-05-21 17:10:35,878 INFO org.hibernate.dialect.Dialect [main] HHH000400: Using dialect: org.hibernate.dialect.H2Dialect
2021-05-21 17:10:40,939 INFO org.hibernate.engine.transaction.jta.platform.internal.JtaPlatformInitiator [main] HHH000490: Using JtaPlatform implementation: [org.hibernate.engine.transaction.jta.platform.internal.NoJtaPlatform]
2021-05-21 17:10:40,946 INFO org.springframework.orm.jpa.AbstractEntityManagerFactoryBean [main] Initialized JPA EntityManagerFactory for persistence unit 'default'
2021-05-21 17:10:42,180 WARN org.springframework.boot.autoconfigure.orm.jpa.JpaBaseConfiguration$JpaWebConfiguration [main] spring.jpa.open-in-view is enabled by default. Therefore, database queries may be performed during view rendering. Explicitly configure spring.jpa.open-in-view to disable this warning
2021-05-21 17:10:45,043 INFO org.springframework.security.web.DefaultSecurityFilterChain [main] Creating filter chain: any request, [org.springframework.security.web.context.request.async.WebAsyncManagerIntegrationFilter@56a9b662, org.springframework.security.web.context.SecurityContextPersistenceFilter@24f3fb87, org.springframework.security.web.header.HeaderWriterFilter@5cc075da, org.springframework.web.filter.CorsFilter@77881b7a, org.springframework.security.web.authentication.logout.LogoutFilter@6ca367aa, com.example.demo.security.JWTAuthenticationFilter@59ac77f9, com.example.demo.security.JWTAuthenticationVerficationFilter@6d92e327, org.springframework.security.web.savedrequest.RequestCacheAwareFilter@113c4ad6, org.springframework.security.web.servletapi.SecurityContextHolderAwareRequestFilter@7b5c9412, org.springframework.security.web.authentication.AnonymousAuthenticationFilter@76134251, org.springframework.security.web.session.SessionManagementFilter@64ef2719, org.springframework.security.web.access.ExceptionTranslationFilter@118e2487, org.springframework.security.web.access.intercept.FilterSecurityInterceptor@5acd7d1c]
2021-05-21 17:10:45,084 INFO org.springframework.scheduling.concurrent.ExecutorConfigurationSupport [main] Initializing ExecutorService 'applicationTaskExecutor'
2021-05-21 17:10:45,628 INFO org.apache.juli.logging.DirectJDKLog [main] Starting ProtocolHandler ["http-nio-8080"]
2021-05-21 17:10:45,731 INFO org.springframework.boot.web.embedded.tomcat.TomcatWebServer [main] Tomcat started on port(s): 8080 (http) with context path ''
2021-05-21 17:10:45,740 INFO org.springframework.boot.StartupInfoLogger [main] Started SareetaApplication in 43.578 seconds (JVM running for 47.246)
2021-05-21 17:11:00,131 INFO org.apache.juli.logging.DirectJDKLog [http-nio-8080-exec-1] Initializing Spring DispatcherServlet 'dispatcherServlet'
2021-05-21 17:11:00,131 INFO org.springframework.web.servlet.FrameworkServlet [http-nio-8080-exec-1] Initializing Servlet 'dispatcherServlet'
2021-05-21 17:11:00,168 INFO org.springframework.web.servlet.FrameworkServlet [http-nio-8080-exec-1] Completed initialization in 36 ms
2021-05-21 17:11:01,296 INFO com.example.demo.controllers.UserController [http-nio-8080-exec-1] Username set with: Kanak1
2021-05-21 17:11:09,660 INFO com.example.demo.controllers.UserController [http-nio-8080-exec-3] Username set with: Kanak2
2021-05-21 17:11:15,597 INFO com.example.demo.controllers.UserController [http-nio-8080-exec-4] Username set with: Kanak3
2021-05-21 17:11:24,168 INFO com.example.demo.controllers.UserController [http-nio-8080-exec-5] Username set with: Kanak4
2021-05-21 17:12:11,498 INFO com.example.demo.controllers.CartController [http-nio-8080-exec-7] Item added to cart for username: Kanak1
2021-05-21 17:12:18,549 ERROR com.example.demo.controllers.CartController [http-nio-8080-exec-8] Error - No such user found
2021-05-21 17:12:21,782 ERROR com.example.demo.controllers.CartController [http-nio-8080-exec-9] Error - No such user found
2021-05-21 17:12:22,601 ERROR com.example.demo.controllers.CartController [http-nio-8080-exec-10] Error - No such user found
2021-05-21 17:12:23,263 ERROR com.example.demo.controllers.CartController [http-nio-8080-exec-2] Error - No such user found
2021-05-21 17:12:23,984 ERROR com.example.demo.controllers.CartController [http-nio-8080-exec-1] Error - No such user found
2021-05-21 17:12:24,632 ERROR com.example.demo.controllers.CartController [http-nio-8080-exec-3] Error - No such user found
2021-05-21 17:12:25,282 ERROR com.example.demo.controllers.CartController [http-nio-8080-exec-4] Error - No such user found
2021-05-21 17:12:49,711 INFO com.example.demo.controllers.OrderController [http-nio-8080-exec-5] Order submitted for user: Kanak1
2021-05-21 17:12:51,389 INFO com.example.demo.controllers.OrderController [http-nio-8080-exec-6] Order submitted for user: Kanak1
2021-05-21 17:12:52,803 INFO com.example.demo.controllers.OrderController [http-nio-8080-exec-7] Order submitted for user: Kanak1
2021-05-21 17:40:46,162 INFO org.springframework.boot.StartupInfoLogger [main] Starting SareetaApplication on DESKTOP-IBTTL3C with PID 12324 (C:\Users\kanak\Downloads\nd035-c4-Security-and-DevOps-master\nd035-c4-Security-and-DevOps-master\starter_code\target\classes started by kanak in C:\Users\kanak\Downloads\nd035-c4-Security-and-DevOps-master\nd035-c4-Security-and-DevOps-master\starter_code)
2021-05-21 17:40:46,167 INFO org.springframework.boot.SpringApplication [main] No active profile set, falling back to default profiles: default
2021-05-21 17:40:49,124 INFO org.springframework.data.repository.config.RepositoryConfigurationDelegate [main] Bootstrapping Spring Data JPA repositories in DEFAULT mode.
2021-05-21 17:40:49,434 INFO org.springframework.data.repository.config.RepositoryConfigurationDelegate [main] Finished Spring Data repository scanning in 251ms. Found 4 JPA repository interfaces.
2021-05-21 17:40:53,823 INFO org.springframework.boot.web.embedded.tomcat.TomcatWebServer [main] Tomcat initialized with port(s): 8080 (http)
2021-05-21 17:40:53,837 INFO org.apache.juli.logging.DirectJDKLog [main] Initializing ProtocolHandler ["http-nio-8080"]
2021-05-21 17:40:53,838 INFO org.apache.juli.logging.DirectJDKLog [main] Starting service [Tomcat]
2021-05-21 17:40:53,838 INFO org.apache.juli.logging.DirectJDKLog [main] Starting Servlet engine: [Apache Tomcat/9.0.37]
2021-05-21 17:40:54,176 INFO org.apache.juli.logging.DirectJDKLog [main] Initializing Spring embedded WebApplicationContext
2021-05-21 17:40:54,176 INFO org.springframework.boot.web.servlet.context.ServletWebServerApplicationContext [main] Root WebApplicationContext: initialization completed in 7835 ms
2021-05-21 17:40:55,216 INFO org.hibernate.jpa.internal.util.LogHelper [main] HHH000204: Processing PersistenceUnitInfo [name: default]
2021-05-21 17:40:55,741 INFO org.hibernate.Version [main] HHH000412: Hibernate ORM core version 5.4.18.Final
2021-05-21 17:40:56,881 INFO org.hibernate.annotations.common.reflection.java.JavaReflectionManager [main] HCANN000001: Hibernate Commons Annotations {5.1.0.Final}
2021-05-21 17:40:56,998 INFO com.zaxxer.hikari.HikariDataSource [main] HikariPool-1 - Starting...
2021-05-21 17:40:57,319 INFO com.zaxxer.hikari.HikariDataSource [main] HikariPool-1 - Start completed.
2021-05-21 17:40:57,355 INFO org.hibernate.dialect.Dialect [main] HHH000400: Using dialect: org.hibernate.dialect.H2Dialect
2021-05-21 17:41:05,323 INFO org.hibernate.engine.transaction.jta.platform.internal.JtaPlatformInitiator [main] HHH000490: Using JtaPlatform implementation: [org.hibernate.engine.transaction.jta.platform.internal.NoJtaPlatform]
2021-05-21 17:41:05,332 INFO org.springframework.orm.jpa.AbstractEntityManagerFactoryBean [main] Initialized JPA EntityManagerFactory for persistence unit 'default'
2021-05-21 17:41:06,083 WARN org.springframework.boot.autoconfigure.orm.jpa.JpaBaseConfiguration$JpaWebConfiguration [main] spring.jpa.open-in-view is enabled by default. Therefore, database queries may be performed during view rendering. Explicitly configure spring.jpa.open-in-view to disable this warning
2021-05-21 17:41:06,961 INFO org.springframework.security.web.DefaultSecurityFilterChain [main] Creating filter chain: any request, [org.springframework.security.web.context.request.async.WebAsyncManagerIntegrationFilter@28269c65, org.springframework.security.web.context.SecurityContextPersistenceFilter@3bb4c2b2, org.springframework.security.web.header.HeaderWriterFilter@1700d089, org.springframework.web.filter.CorsFilter@4c9d833, org.springframework.security.web.authentication.logout.LogoutFilter@3a6b94b6, com.example.demo.security.JWTAuthenticationFilter@18b58c77, com.example.demo.security.JWTAuthenticationVerficationFilter@20f99c18, org.springframework.security.web.savedrequest.RequestCacheAwareFilter@1acc768, org.springframework.security.web.servletapi.SecurityContextHolderAwareRequestFilter@7bdb4d69, org.springframework.security.web.authentication.AnonymousAuthenticationFilter@3c20e9d6, org.springframework.security.web.session.SessionManagementFilter@7097d921, org.springframework.security.web.access.ExceptionTranslationFilter@6ca367aa, org.springframework.security.web.access.intercept.FilterSecurityInterceptor@14bf9fd0]
2021-05-21 17:41:07,020 INFO org.springframework.scheduling.concurrent.ExecutorConfigurationSupport [main] Initializing ExecutorService 'applicationTaskExecutor'
2021-05-21 17:41:07,173 INFO org.apache.juli.logging.DirectJDKLog [main] Starting ProtocolHandler ["http-nio-8080"]
2021-05-21 17:41:07,218 INFO org.springframework.boot.web.embedded.tomcat.TomcatWebServer [main] Tomcat started on port(s): 8080 (http) with context path ''
2021-05-21 17:41:07,231 INFO org.springframework.boot.StartupInfoLogger [main] Started SareetaApplication in 23.552 seconds (JVM running for 26.763)
2021-05-21 17:41:17,341 INFO org.apache.juli.logging.DirectJDKLog [http-nio-8080-exec-1] Initializing Spring DispatcherServlet 'dispatcherServlet'
2021-05-21 17:41:17,341 INFO org.springframework.web.servlet.FrameworkServlet [http-nio-8080-exec-1] Initializing Servlet 'dispatcherServlet'
2021-05-21 17:41:17,347 INFO org.springframework.web.servlet.FrameworkServlet [http-nio-8080-exec-1] Completed initialization in 6 ms
2021-05-21 17:41:17,524 INFO com.example.demo.controllers.UserController [http-nio-8080-exec-1] Username set with: Kanak
2021-05-21 17:58:08,831 INFO com.example.demo.controllers.UserController [http-nio-8080-exec-5] Username set with: Test
2021-05-21 18:00:51,309 INFO org.springframework.boot.StartupInfoLogger [main] Starting SareetaApplication on DESKTOP-IBTTL3C with PID 17052 (C:\Users\kanak\Downloads\nd035-c4-Security-and-DevOps-master\nd035-c4-Security-and-DevOps-master\starter_code\target\classes started by kanak in C:\Users\kanak\Downloads\nd035-c4-Security-and-DevOps-master\nd035-c4-Security-and-DevOps-master\starter_code)
2021-05-21 18:00:51,313 INFO org.springframework.boot.SpringApplication [main] No active profile set, falling back to default profiles: default
2021-05-21 18:00:52,117 INFO org.springframework.data.repository.config.RepositoryConfigurationDelegate [main] Bootstrapping Spring Data JPA repositories in DEFAULT mode.
2021-05-21 18:00:52,231 INFO org.springframework.data.repository.config.RepositoryConfigurationDelegate [main] Finished Spring Data repository scanning in 70ms. Found 4 JPA repository interfaces.
2021-05-21 18:00:53,531 INFO org.springframework.boot.web.embedded.tomcat.TomcatWebServer [main] Tomcat initialized with port(s): 8080 (http)
2021-05-21 18:00:53,539 INFO org.apache.juli.logging.DirectJDKLog [main] Initializing ProtocolHandler ["http-nio-8080"]
2021-05-21 18:00:53,540 INFO org.apache.juli.logging.DirectJDKLog [main] Starting service [Tomcat]
2021-05-21 18:00:53,540 INFO org.apache.juli.logging.DirectJDKLog [main] Starting Servlet engine: [Apache Tomcat/9.0.37]
2021-05-21 18:00:53,688 INFO org.apache.juli.logging.DirectJDKLog [main] Initializing Spring embedded WebApplicationContext
2021-05-21 18:00:53,688 INFO org.springframework.boot.web.servlet.context.ServletWebServerApplicationContext [main] Root WebApplicationContext: initialization completed in 2276 ms
2021-05-21 18:00:54,021 INFO org.hibernate.jpa.internal.util.LogHelper [main] HHH000204: Processing PersistenceUnitInfo [name: default]
2021-05-21 18:00:54,194 INFO org.hibernate.Version [main] HHH000412: Hibernate ORM core version 5.4.18.Final
2021-05-21 18:00:54,536 INFO org.hibernate.annotations.common.reflection.java.JavaReflectionManager [main] HCANN000001: Hibernate Commons Annotations {5.1.0.Final}
2021-05-21 18:00:54,650 INFO com.zaxxer.hikari.HikariDataSource [main] HikariPool-1 - Starting...
2021-05-21 18:00:54,806 INFO com.zaxxer.hikari.HikariDataSource [main] HikariPool-1 - Start completed.
2021-05-21 18:00:54,819 INFO org.hibernate.dialect.Dialect [main] HHH000400: Using dialect: org.hibernate.dialect.H2Dialect
2021-05-21 18:00:55,822 INFO org.hibernate.engine.transaction.jta.platform.internal.JtaPlatformInitiator [main] HHH000490: Using JtaPlatform implementation: [org.hibernate.engine.transaction.jta.platform.internal.NoJtaPlatform]
2021-05-21 18:00:55,831 INFO org.springframework.orm.jpa.AbstractEntityManagerFactoryBean [main] Initialized JPA EntityManagerFactory for persistence unit 'default'
2021-05-21 18:00:56,271 WARN org.springframework.boot.autoconfigure.orm.jpa.JpaBaseConfiguration$JpaWebConfiguration [main] spring.jpa.open-in-view is enabled by default. Therefore, database queries may be performed during view rendering. Explicitly configure spring.jpa.open-in-view to disable this warning
2021-05-21 18:00:56,774 INFO org.springframework.security.web.DefaultSecurityFilterChain [main] Creating filter chain: any request, [org.springframework.security.web.context.request.async.WebAsyncManagerIntegrationFilter@20518250, org.springframework.security.web.context.SecurityContextPersistenceFilter@30ed4034, org.springframework.security.web.header.HeaderWriterFilter@4153a832, org.springframework.web.filter.CorsFilter@7836c79, org.springframework.security.web.authentication.logout.LogoutFilter@18b30951, com.example.demo.security.JWTAuthenticationFilter@5ccc971e, com.example.demo.security.JWTAuthenticationVerficationFilter@28269c65, org.springframework.security.web.savedrequest.RequestCacheAwareFilter@77e6053, org.springframework.security.web.servletapi.SecurityContextHolderAwareRequestFilter@65930e02, org.springframework.security.web.authentication.AnonymousAuthenticationFilter@4c9d833, org.springframework.security.web.session.SessionManagementFilter@7b8d6c66, org.springframework.security.web.access.ExceptionTranslationFilter@3a917017, org.springframework.security.web.access.intercept.FilterSecurityInterceptor@733bd6f3]
2021-05-21 18:00:56,827 INFO org.springframework.scheduling.concurrent.ExecutorConfigurationSupport [main] Initializing ExecutorService 'applicationTaskExecutor'
2021-05-21 18:00:56,972 INFO org.apache.juli.logging.DirectJDKLog [main] Starting ProtocolHandler ["http-nio-8080"]
2021-05-21 18:00:57,021 INFO org.springframework.boot.web.embedded.tomcat.TomcatWebServer [main] Tomcat started on port(s): 8080 (http) with context path ''
2021-05-21 18:00:57,044 INFO org.springframework.boot.StartupInfoLogger [main] Started SareetaApplication in 6.602 seconds (JVM running for 8.061)
